<?xml version="1.0" encoding="UTF-8"?>
<!-- Generated by org.testng.reporters.JUnitReportReporter -->
<testsuite skipped="0" hostname="LAPTOP-HPGRN3FM" name="com.absa.testcasas.AddUserTC00_1" tests="1" failures="0" timestamp="28 Jul 2021 17:45:29 GMT" time="2.671" errors="0">
  <testcase name="AddFirstUser" time="2.671" classname="com.absa.testcasas.AddUserTC00_1"/>
</testsuite> <!-- com.absa.testcasas.AddUserTC00_1 -->
